2024-12-16T17:26:42+00:00 DEBUG 
====Midtrans Plugin Version: 2.32.3====
====Start Log Tue, 17 Dec 2024 00:26:42 +0700====
Array
(
    [transaction_details] => Array
        (
            [order_id] => 278
            [gross_amount] => 138000
        )

    [customer_details] => Array
        (
            [first_name] => John
            [last_name] => Doe
            [email] => agismaulana112@gmail.com
            [phone] => 085320344197
            [billing_address] => Array
                (
                    [first_name] => John
                    [last_name] => Doe
                    [address] => Jl. Muttaqin IV 002/010 DF14/15 Pondok Petir Bojongsari Depok Jawa Barat Indonesia 16517
                    [city] => Kota Depok
                    [postal_code] => 16517
                    [phone] => 085320344197
                    [country_code] => IDN
                )

            [shipping_address] => Array
                (
                    [first_name] => John
                    [last_name] => Doe
                    [address] => Jl. Muttaqin IV 002/010 DF14/15 Pondok Petir Bojongsari Depok Jawa Barat Indonesia 16517
                    [city] => Kota Depok
                    [postal_code] => 16517
                    [phone] => 085320344197
                    [country_code] => IDN
                )

        )

    [item_details] => Array
        (
            [0] => Array
                (
                    [id] => 92
                    [price] => 120000
                    [quantity] => 1
                    [name] => Royal Canin Large
                )

            [1] => Array
                (
                    [id] => shippingfee
                    [price] => 18000
                    [quantity] => 1
                    [name] => Shipping Fee
                )

        )

    [credit_card] => Array
        (
            [secure] => 1
        )

    [metadata] => Array
        (
            [x_midtrans_wc_plu] => Array
                (
                    [version] => 2.32.3
                    [wc] => 9.4.3
                    [php] => 8.2.26
                )

        )

    [enabled_payments] => Array
        (
            [0] => bca_va
        )

)

====End Log Tue, 17 Dec 2024 00:26:42 +0700 (0)====

