2024-12-25T16:01:05+00:00 DEBUG 
====Midtrans Plugin Version: 2.32.3====
====Start Log Wed, 25 Dec 2024 23:01:05 +0700====
Array
(
    [transaction_details] => Array
        (
            [order_id] => 341
            [gross_amount] => 19950
        )

    [customer_details] => Array
        (
            [first_name] => John
            [last_name] => Doe
            [email] => madhon22@gmail.com
            [phone] => 0812501549125
            [billing_address] => Array
                (
                    [first_name] => John
                    [last_name] => Doe
                    [address] => Jl Suryalaya
                    [city] => Kota Bogor
                    [postal_code] => 16519
                    [phone] => 0812501549125
                    [country_code] => IDN
                )

            [shipping_address] => Array
                (
                    [first_name] => John
                    [last_name] => Doe
                    [address] => Jl Suryalaya
                    [city] => Kota Bogor
                    [postal_code] => 16519
                    [phone] => 0812501549125
                    [country_code] => IDN
                )

        )

    [item_details] => Array
        (
            [0] => Array
                (
                    [id] => 93
                    [price] => 9950
                    [quantity] => 1
                    [name] => Aksesoris kalung hewan kurmin
                )

            [1] => Array
                (
                    [id] => shippingfee
                    [price] => 10000
                    [quantity] => 1
                    [name] => Shipping Fee
                )

        )

    [credit_card] => Array
        (
            [secure] => 1
        )

    [metadata] => Array
        (
            [x_midtrans_wc_plu] => Array
                (
                    [version] => 2.32.3
                    [wc] => 9.4.3
                    [php] => 8.2.26
                )

        )

    [enabled_payments] => Array
        (
            [0] => bri_va
        )

)

====End Log Wed, 25 Dec 2024 23:01:05 +0700 (0)====

